{"/Users/tylersavitsky/Projects/choreify-iteration/Choreify/server/controllers/choreController.js": {"path":"/Users/tylersavitsky/Projects/choreify-iteration/Choreify/server/controllers/choreController.js","statementMap":{"0":{"start":{"line":1,"column":25},"end":{"line":1,"column":42}},"1":{"start":{"line":2,"column":11},"end":{"line":2,"column":46}},"2":{"start":{"line":3,"column":16},"end":{"line":3,"column":44}},"3":{"start":{"line":5,"column":24},"end":{"line":5,"column":26}},"4":{"start":{"line":7,"column":0},"end":{"line":20,"column":2}},"5":{"start":{"line":8,"column":2},"end":{"line":19,"column":7}},"6":{"start":{"line":10,"column":6},"end":{"line":15,"column":7}},"7":{"start":{"line":11,"column":8},"end":{"line":11,"column":41}},"8":{"start":{"line":12,"column":8},"end":{"line":12,"column":22}},"9":{"start":{"line":14,"column":8},"end":{"line":14,"column":70}},"10":{"start":{"line":18,"column":6},"end":{"line":18,"column":23}},"11":{"start":{"line":22,"column":0},"end":{"line":35,"column":2}},"12":{"start":{"line":23,"column":23},"end":{"line":23,"column":31}},"13":{"start":{"line":24,"column":2},"end":{"line":34,"column":4}},"14":{"start":{"line":26,"column":4},"end":{"line":30,"column":5}},"15":{"start":{"line":27,"column":6},"end":{"line":27,"column":20}},"16":{"start":{"line":29,"column":6},"end":{"line":29,"column":69}},"17":{"start":{"line":33,"column":4},"end":{"line":33,"column":21}},"18":{"start":{"line":37,"column":0},"end":{"line":50,"column":2}},"19":{"start":{"line":38,"column":26},"end":{"line":38,"column":34}},"20":{"start":{"line":39,"column":2},"end":{"line":39,"column":69}},"21":{"start":{"line":41,"column":2},"end":{"line":49,"column":5}},"22":{"start":{"line":42,"column":4},"end":{"line":48,"column":5}},"23":{"start":{"line":43,"column":6},"end":{"line":43,"column":50}},"24":{"start":{"line":44,"column":6},"end":{"line":44,"column":42}},"25":{"start":{"line":45,"column":6},"end":{"line":45,"column":13}},"26":{"start":{"line":47,"column":6},"end":{"line":47,"column":58}},"27":{"start":{"line":52,"column":0},"end":{"line":68,"column":2}},"28":{"start":{"line":53,"column":26},"end":{"line":53,"column":34}},"29":{"start":{"line":54,"column":2},"end":{"line":54,"column":69}},"30":{"start":{"line":56,"column":2},"end":{"line":67,"column":4}},"31":{"start":{"line":57,"column":4},"end":{"line":63,"column":5}},"32":{"start":{"line":58,"column":6},"end":{"line":58,"column":50}},"33":{"start":{"line":59,"column":6},"end":{"line":59,"column":42}},"34":{"start":{"line":60,"column":6},"end":{"line":60,"column":13}},"35":{"start":{"line":62,"column":6},"end":{"line":62,"column":58}},"36":{"start":{"line":66,"column":4},"end":{"line":66,"column":21}},"37":{"start":{"line":70,"column":0},"end":{"line":83,"column":2}},"38":{"start":{"line":71,"column":26},"end":{"line":71,"column":34}},"39":{"start":{"line":72,"column":2},"end":{"line":72,"column":69}},"40":{"start":{"line":74,"column":2},"end":{"line":82,"column":5}},"41":{"start":{"line":75,"column":4},"end":{"line":81,"column":5}},"42":{"start":{"line":76,"column":6},"end":{"line":76,"column":50}},"43":{"start":{"line":77,"column":6},"end":{"line":77,"column":42}},"44":{"start":{"line":78,"column":6},"end":{"line":78,"column":13}},"45":{"start":{"line":80,"column":6},"end":{"line":80,"column":58}},"46":{"start":{"line":85,"column":0},"end":{"line":98,"column":2}},"47":{"start":{"line":86,"column":26},"end":{"line":86,"column":34}},"48":{"start":{"line":87,"column":2},"end":{"line":87,"column":69}},"49":{"start":{"line":89,"column":2},"end":{"line":97,"column":5}},"50":{"start":{"line":90,"column":4},"end":{"line":96,"column":5}},"51":{"start":{"line":91,"column":6},"end":{"line":91,"column":50}},"52":{"start":{"line":92,"column":6},"end":{"line":92,"column":42}},"53":{"start":{"line":93,"column":6},"end":{"line":93,"column":13}},"54":{"start":{"line":95,"column":6},"end":{"line":95,"column":58}},"55":{"start":{"line":100,"column":0},"end":{"line":100,"column":33}}},"fnMap":{"0":{"name":"(anonymous_0)","decl":{"start":{"line":7,"column":28},"end":{"line":7,"column":29}},"loc":{"start":{"line":7,"column":48},"end":{"line":20,"column":1}},"line":7},"1":{"name":"(anonymous_1)","decl":{"start":{"line":9,"column":10},"end":{"line":9,"column":11}},"loc":{"start":{"line":9,"column":20},"end":{"line":16,"column":5}},"line":9},"2":{"name":"(anonymous_2)","decl":{"start":{"line":17,"column":11},"end":{"line":17,"column":12}},"loc":{"start":{"line":17,"column":20},"end":{"line":19,"column":5}},"line":17},"3":{"name":"(anonymous_3)","decl":{"start":{"line":22,"column":30},"end":{"line":22,"column":31}},"loc":{"start":{"line":22,"column":50},"end":{"line":35,"column":1}},"line":22},"4":{"name":"(anonymous_4)","decl":{"start":{"line":25,"column":8},"end":{"line":25,"column":9}},"loc":{"start":{"line":25,"column":18},"end":{"line":31,"column":3}},"line":25},"5":{"name":"(anonymous_5)","decl":{"start":{"line":32,"column":9},"end":{"line":32,"column":10}},"loc":{"start":{"line":32,"column":18},"end":{"line":34,"column":3}},"line":32},"6":{"name":"(anonymous_6)","decl":{"start":{"line":37,"column":30},"end":{"line":37,"column":31}},"loc":{"start":{"line":37,"column":50},"end":{"line":50,"column":1}},"line":37},"7":{"name":"(anonymous_7)","decl":{"start":{"line":41,"column":54},"end":{"line":41,"column":55}},"loc":{"start":{"line":41,"column":64},"end":{"line":49,"column":3}},"line":41},"8":{"name":"(anonymous_8)","decl":{"start":{"line":52,"column":30},"end":{"line":52,"column":31}},"loc":{"start":{"line":52,"column":50},"end":{"line":68,"column":1}},"line":52},"9":{"name":"(anonymous_9)","decl":{"start":{"line":56,"column":54},"end":{"line":56,"column":55}},"loc":{"start":{"line":56,"column":64},"end":{"line":64,"column":3}},"line":56},"10":{"name":"(anonymous_10)","decl":{"start":{"line":65,"column":9},"end":{"line":65,"column":10}},"loc":{"start":{"line":65,"column":18},"end":{"line":67,"column":3}},"line":65},"11":{"name":"(anonymous_11)","decl":{"start":{"line":70,"column":30},"end":{"line":70,"column":31}},"loc":{"start":{"line":70,"column":50},"end":{"line":83,"column":1}},"line":70},"12":{"name":"(anonymous_12)","decl":{"start":{"line":74,"column":54},"end":{"line":74,"column":55}},"loc":{"start":{"line":74,"column":64},"end":{"line":82,"column":3}},"line":74},"13":{"name":"(anonymous_13)","decl":{"start":{"line":85,"column":30},"end":{"line":85,"column":31}},"loc":{"start":{"line":85,"column":50},"end":{"line":98,"column":1}},"line":85},"14":{"name":"(anonymous_14)","decl":{"start":{"line":89,"column":54},"end":{"line":89,"column":55}},"loc":{"start":{"line":89,"column":64},"end":{"line":97,"column":3}},"line":89}},"branchMap":{"0":{"loc":{"start":{"line":10,"column":6},"end":{"line":15,"column":7}},"type":"if","locations":[{"start":{"line":10,"column":6},"end":{"line":15,"column":7}},{"start":{"line":13,"column":13},"end":{"line":15,"column":7}}],"line":10},"1":{"loc":{"start":{"line":26,"column":4},"end":{"line":30,"column":5}},"type":"if","locations":[{"start":{"line":26,"column":4},"end":{"line":30,"column":5}},{"start":{"line":28,"column":11},"end":{"line":30,"column":5}}],"line":26},"2":{"loc":{"start":{"line":42,"column":4},"end":{"line":48,"column":5}},"type":"if","locations":[{"start":{"line":42,"column":4},"end":{"line":48,"column":5}},{"start":{"line":46,"column":11},"end":{"line":48,"column":5}}],"line":42},"3":{"loc":{"start":{"line":57,"column":4},"end":{"line":63,"column":5}},"type":"if","locations":[{"start":{"line":57,"column":4},"end":{"line":63,"column":5}},{"start":{"line":61,"column":11},"end":{"line":63,"column":5}}],"line":57},"4":{"loc":{"start":{"line":75,"column":4},"end":{"line":81,"column":5}},"type":"if","locations":[{"start":{"line":75,"column":4},"end":{"line":81,"column":5}},{"start":{"line":79,"column":11},"end":{"line":81,"column":5}}],"line":75},"5":{"loc":{"start":{"line":90,"column":4},"end":{"line":96,"column":5}},"type":"if","locations":[{"start":{"line":90,"column":4},"end":{"line":96,"column":5}},{"start":{"line":94,"column":11},"end":{"line":96,"column":5}}],"line":90}},"s":{"0":1,"1":1,"2":1,"3":1,"4":1,"5":5,"6":4,"7":3,"8":3,"9":1,"10":1,"11":1,"12":3,"13":3,"14":2,"15":1,"16":1,"17":1,"18":1,"19":0,"20":0,"21":0,"22":0,"23":0,"24":0,"25":0,"26":0,"27":1,"28":0,"29":0,"30":0,"31":0,"32":0,"33":0,"34":0,"35":0,"36":0,"37":1,"38":0,"39":0,"40":0,"41":0,"42":0,"43":0,"44":0,"45":0,"46":1,"47":0,"48":0,"49":0,"50":0,"51":0,"52":0,"53":0,"54":0,"55":1},"f":{"0":5,"1":4,"2":1,"3":3,"4":2,"5":1,"6":0,"7":0,"8":0,"9":0,"10":0,"11":0,"12":0,"13":0,"14":0},"b":{"0":[3,1],"1":[1,1],"2":[0,0],"3":[0,0],"4":[0,0],"5":[0,0]},"_coverageSchema":"1a1c01bbd47fc00a2c39e90264f33305004495a9","hash":"1aa80ada72c06eaeed1ceec27251549d9017a7fa"}
,"/Users/tylersavitsky/Projects/choreify-iteration/Choreify/server/models/choreifyModels.js": {"path":"/Users/tylersavitsky/Projects/choreify-iteration/Choreify/server/models/choreifyModels.js","statementMap":{"0":{"start":{"line":1,"column":17},"end":{"line":1,"column":30}},"1":{"start":{"line":4,"column":2},"end":{"line":4,"column":91}},"2":{"start":{"line":7,"column":13},"end":{"line":9,"column":2}},"3":{"start":{"line":15,"column":0},"end":{"line":20,"column":2}},"4":{"start":{"line":17,"column":4},"end":{"line":17,"column":40}},"5":{"start":{"line":18,"column":4},"end":{"line":18,"column":46}}},"fnMap":{"0":{"name":"(anonymous_0)","decl":{"start":{"line":16,"column":9},"end":{"line":16,"column":10}},"loc":{"start":{"line":16,"column":37},"end":{"line":19,"column":3}},"line":16}},"branchMap":{},"s":{"0":1,"1":1,"2":1,"3":1,"4":0,"5":0},"f":{"0":0},"b":{},"_coverageSchema":"1a1c01bbd47fc00a2c39e90264f33305004495a9","hash":"a8dfd22ca803d6b37e37d7233629be4a1a84c060"}
,"/Users/tylersavitsky/Projects/choreify-iteration/Choreify/server/models/queries.js": {"path":"/Users/tylersavitsky/Projects/choreify-iteration/Choreify/server/models/queries.js","statementMap":{"0":{"start":{"line":3,"column":16},"end":{"line":3,"column":18}},"1":{"start":{"line":6,"column":0},"end":{"line":6,"column":47}},"2":{"start":{"line":8,"column":0},"end":{"line":11,"column":41}},"3":{"start":{"line":13,"column":0},"end":{"line":14,"column":150}},"4":{"start":{"line":16,"column":0},"end":{"line":16,"column":78}},"5":{"start":{"line":18,"column":0},"end":{"line":19,"column":70}},"6":{"start":{"line":21,"column":0},"end":{"line":21,"column":45}},"7":{"start":{"line":23,"column":0},"end":{"line":23,"column":68}},"8":{"start":{"line":25,"column":0},"end":{"line":25,"column":25}}},"fnMap":{},"branchMap":{},"s":{"0":1,"1":1,"2":1,"3":1,"4":1,"5":1,"6":1,"7":1,"8":1},"f":{},"b":{},"_coverageSchema":"1a1c01bbd47fc00a2c39e90264f33305004495a9","hash":"5819c384cc69a661b667deca627b5dcc5931fae4"}
}
