TN:
SF:server/controllers/choreController.js
FN:7,(anonymous_0)
FN:9,(anonymous_1)
FN:17,(anonymous_2)
FN:22,(anonymous_3)
FN:25,(anonymous_4)
FN:33,(anonymous_5)
FNF:6
FNH:6
FNDA:5,(anonymous_0)
FNDA:4,(anonymous_1)
FNDA:1,(anonymous_2)
FNDA:3,(anonymous_3)
FNDA:2,(anonymous_4)
FNDA:1,(anonymous_5)
DA:1,1
DA:2,1
DA:3,1
DA:5,1
DA:7,1
DA:8,5
DA:10,4
DA:11,3
DA:12,3
DA:14,1
DA:18,1
DA:22,1
DA:23,3
DA:24,3
DA:26,2
DA:28,1
DA:30,1
DA:34,1
DA:38,1
LF:19
LH:19
BRDA:10,0,0,3
BRDA:10,0,1,1
BRDA:26,1,0,1
BRDA:26,1,1,1
BRF:4
BRH:4
end_of_record
TN:
SF:server/models/choreifyModels.js
FN:16,(anonymous_0)
FNF:1
FNH:0
FNDA:0,(anonymous_0)
DA:1,1
DA:4,1
DA:7,1
DA:15,1
DA:17,0
DA:18,0
LF:6
LH:4
BRF:0
BRH:0
end_of_record
TN:
SF:server/models/queries.js
FNF:0
FNH:0
DA:3,1
DA:6,1
DA:8,1
DA:14,1
DA:16,1
DA:20,1
LF:6
LH:6
BRF:0
BRH:0
end_of_record
